 Simulation started at:Fri Apr 24 20:56:22 2015
                    1 % completed at:Fri Apr 24 21:00:47 2015
                    2 % completed at:Fri Apr 24 21:05:10 2015
                    3 % completed at:Fri Apr 24 21:09:34 2015
                    4 % completed at:Fri Apr 24 21:13:58 2015
                    5 % completed at:Fri Apr 24 21:18:21 2015
                    6 % completed at:Fri Apr 24 21:22:43 2015
                    7 % completed at:Fri Apr 24 21:27:06 2015
                    8 % completed at:Fri Apr 24 21:31:29 2015
                    9 % completed at:Fri Apr 24 21:35:52 2015
                   10 % completed at:Fri Apr 24 21:40:15 2015
                   11 % completed at:Fri Apr 24 21:44:38 2015
                   12 % completed at:Fri Apr 24 21:49:01 2015
                   13 % completed at:Fri Apr 24 21:53:25 2015
                   14 % completed at:Fri Apr 24 21:57:48 2015
                   15 % completed at:Fri Apr 24 22:02:11 2015
                   16 % completed at:Fri Apr 24 22:06:35 2015
                   17 % completed at:Fri Apr 24 22:10:58 2015
                   18 % completed at:Fri Apr 24 22:15:22 2015
                   19 % completed at:Fri Apr 24 22:19:45 2015
                   20 % completed at:Fri Apr 24 22:24:09 2015
                   21 % completed at:Fri Apr 24 22:28:32 2015
                   22 % completed at:Fri Apr 24 22:32:56 2015
                   23 % completed at:Fri Apr 24 22:37:20 2015
                   24 % completed at:Fri Apr 24 22:41:43 2015
                   25 % completed at:Fri Apr 24 22:46:06 2015
                   26 % completed at:Fri Apr 24 22:50:29 2015
                   27 % completed at:Fri Apr 24 22:54:53 2015
                   28 % completed at:Fri Apr 24 22:59:17 2015
                   29 % completed at:Fri Apr 24 23:03:41 2015
                   30 % completed at:Fri Apr 24 23:08:05 2015
                   31 % completed at:Fri Apr 24 23:12:28 2015
                   32 % completed at:Fri Apr 24 23:16:52 2015
                   33 % completed at:Fri Apr 24 23:21:16 2015
                   34 % completed at:Fri Apr 24 23:25:40 2015
                   35 % completed at:Fri Apr 24 23:30:04 2015
                   36 % completed at:Fri Apr 24 23:34:28 2015
                   37 % completed at:Fri Apr 24 23:38:52 2015
                   38 % completed at:Fri Apr 24 23:43:16 2015
                   39 % completed at:Fri Apr 24 23:47:40 2015
                   40 % completed at:Fri Apr 24 23:52:04 2015
                   41 % completed at:Fri Apr 24 23:56:27 2015
                   42 % completed at:Sat Apr 25 00:00:51 2015
                   43 % completed at:Sat Apr 25 00:05:14 2015
                   44 % completed at:Sat Apr 25 00:09:37 2015
                   45 % completed at:Sat Apr 25 00:14:00 2015
                   46 % completed at:Sat Apr 25 00:18:24 2015
                   47 % completed at:Sat Apr 25 00:22:47 2015
                   48 % completed at:Sat Apr 25 00:27:11 2015
                   49 % completed at:Sat Apr 25 00:31:34 2015
                   50 % completed at:Sat Apr 25 00:35:58 2015
                   51 % completed at:Sat Apr 25 00:40:22 2015
                   52 % completed at:Sat Apr 25 00:44:45 2015
                   53 % completed at:Sat Apr 25 00:49:08 2015
                   54 % completed at:Sat Apr 25 00:53:31 2015
                   55 % completed at:Sat Apr 25 00:57:54 2015
                   56 % completed at:Sat Apr 25 01:02:17 2015
                   57 % completed at:Sat Apr 25 01:06:41 2015
                   58 % completed at:Sat Apr 25 01:11:04 2015
                   59 % completed at:Sat Apr 25 01:15:28 2015
                   60 % completed at:Sat Apr 25 01:19:52 2015
                   61 % completed at:Sat Apr 25 01:24:16 2015
                   62 % completed at:Sat Apr 25 01:28:39 2015
                   63 % completed at:Sat Apr 25 01:33:03 2015
                   64 % completed at:Sat Apr 25 01:37:27 2015
                   65 % completed at:Sat Apr 25 01:41:51 2015
                   66 % completed at:Sat Apr 25 01:46:15 2015
                   67 % completed at:Sat Apr 25 01:50:39 2015
                   68 % completed at:Sat Apr 25 01:55:02 2015
                   69 % completed at:Sat Apr 25 01:59:24 2015
                   70 % completed at:Sat Apr 25 02:03:47 2015
                   71 % completed at:Sat Apr 25 02:08:10 2015
                   72 % completed at:Sat Apr 25 02:12:34 2015
                   73 % completed at:Sat Apr 25 02:16:58 2015
                   74 % completed at:Sat Apr 25 02:21:22 2015
                   75 % completed at:Sat Apr 25 02:25:46 2015
                   76 % completed at:Sat Apr 25 02:30:10 2015
                   77 % completed at:Sat Apr 25 02:34:34 2015
                   78 % completed at:Sat Apr 25 02:38:57 2015
                   79 % completed at:Sat Apr 25 02:43:21 2015
                   80 % completed at:Sat Apr 25 02:47:45 2015
                   81 % completed at:Sat Apr 25 02:52:09 2015
                   82 % completed at:Sat Apr 25 02:56:33 2015
                   83 % completed at:Sat Apr 25 03:00:57 2015
                   84 % completed at:Sat Apr 25 03:05:20 2015
                   85 % completed at:Sat Apr 25 03:09:44 2015
                   86 % completed at:Sat Apr 25 03:14:07 2015
                   87 % completed at:Sat Apr 25 03:18:30 2015
                   88 % completed at:Sat Apr 25 03:22:53 2015
                   89 % completed at:Sat Apr 25 03:27:16 2015
                   90 % completed at:Sat Apr 25 03:31:39 2015
                   91 % completed at:Sat Apr 25 03:36:02 2015
                   92 % completed at:Sat Apr 25 03:40:26 2015
                   93 % completed at:Sat Apr 25 03:44:49 2015
                   94 % completed at:Sat Apr 25 03:49:13 2015
                   95 % completed at:Sat Apr 25 03:53:36 2015
                   96 % completed at:Sat Apr 25 03:57:59 2015
                   97 % completed at:Sat Apr 25 04:02:22 2015
                   98 % completed at:Sat Apr 25 04:06:45 2015
                   99 % completed at:Sat Apr 25 04:11:09 2015
                  100 % completed at:Sat Apr 25 04:15:33 2015
